3_Implementation/main.c:81:13: error: printf format string requires 1 parameter but only 0 are given. [wrongPrintfScanfArgNum]
            printf("2. The cost price of 20 articles is the same as the selling price of x articles. If the profit is 25%, then the value of x is:\n");
            ^
3_Implementation/main.c:165:13: error: printf format string requires 1 parameter but only 0 are given. [wrongPrintfScanfArgNum]
            printf("5. The compound interest on Rs. 30,000 at 7% per annum is Rs. 4347. The period (in years) is:\n");
            ^
3_Implementation/src/reg.c:15:5: warning: Obsolete function 'gets' called. It is recommended to use 'fgets' or 'gets_s' instead. [getsCalled]
    gets(id);
    ^
3_Implementation/src/reg.c:54:13: warning: Obsolete function 'gets' called. It is recommended to use 'fgets' or 'gets_s' instead. [getsCalled]
            gets(p.Name);
            ^
3_Implementation/src/reg.c:55:13: warning: Obsolete function 'gets' called. It is recommended to use 'fgets' or 'gets_s' instead. [getsCalled]
            gets(p.Name);
            ^
3_Implementation/src/reg.c:57:13: warning: Obsolete function 'gets' called. It is recommended to use 'fgets' or 'gets_s' instead. [getsCalled]
            gets(p.branch);
            ^
3_Implementation/src/reg.c:59:13: warning: Obsolete function 'gets' called. It is recommended to use 'fgets' or 'gets_s' instead. [getsCalled]
            gets(p.college);
            ^
3_Implementation/src/reg.c:24:12: warning: fscanf() without field width limits can crash with huge input data. [invalidscanf]
    while (fscanf(registration, "%s", string) == 1)
           ^
3_Implementation/src/reg.c:65:20: warning: fscanf() without field width limits can crash with huge input data. [invalidscanf]
            while (fscanf(registration, "%s", string) == 1)
                   ^
3_Implementation/test/test.c:0:0: information: Too many #ifdef configurations - cppcheck only checks 12 of 31 configurations. Use --force to check all configurations. [toomanyconfigs]

^
3_Implementation/test/test.c:44:0: error: failed to expand 'RUN_TEST', Wrong number of parameters for macro 'RUN_TEST'. [preprocessorErrorDirective]
  RUN_TEST(test_score_pos);
^
3_Implementation/test/test.c:44:0: information: Skipping configuration 'RUN_TEST' since the value of 'RUN_TEST' is unknown. Use -D if you want to check it. You can use -U to skip it explicitly. [ConfigurationNotChecked]
  RUN_TEST(test_score_pos);
^
3_Implementation/test/test.c:45:0: information: Skipping configuration 'RUN_TEST' since the value of 'RUN_TEST' is unknown. Use -D if you want to check it. You can use -U to skip it explicitly. [ConfigurationNotChecked]
  RUN_TEST(test_score_neg);
^
3_Implementation/unity/unity_internals.h:471:0: information: Skipping configuration 'UNITY_CLOCK_MS;UNITY_EXEC_TIME_START;UNITY_EXEC_TIME_STOP;UNITY_PRINT_EXEC_TIME;UNITY_TIME_TYPE;UNITY_INCLUDE_EXEC_TIME' since the value of 'UNITY_TIME_TYPE' is unknown. Use -D if you want to check it. You can use -U to skip it explicitly. [ConfigurationNotChecked]
    UNITY_TIME_TYPE CurrentTestStartTime;
^
3_Implementation/unity/unity_internals.h:472:0: information: Skipping configuration 'UNITY_CLOCK_MS;UNITY_EXEC_TIME_START;UNITY_EXEC_TIME_STOP;UNITY_PRINT_EXEC_TIME;UNITY_TIME_TYPE;UNITY_INCLUDE_EXEC_TIME' since the value of 'UNITY_TIME_TYPE' is unknown. Use -D if you want to check it. You can use -U to skip it explicitly. [ConfigurationNotChecked]
    UNITY_TIME_TYPE CurrentTestStopTime;
^
3_Implementation/unity/unity_internals.h:471:0: information: Skipping configuration 'UNITY_EXEC_TIME_START;UNITY_EXEC_TIME_STOP;UNITY_PRINT_EXEC_TIME;UNITY_TIME_TYPE;UNITY_INCLUDE_EXEC_TIME' since the value of 'UNITY_TIME_TYPE' is unknown. Use -D if you want to check it. You can use -U to skip it explicitly. [ConfigurationNotChecked]
    UNITY_TIME_TYPE CurrentTestStartTime;
^
3_Implementation/unity/unity_internals.h:472:0: information: Skipping configuration 'UNITY_EXEC_TIME_START;UNITY_EXEC_TIME_STOP;UNITY_PRINT_EXEC_TIME;UNITY_TIME_TYPE;UNITY_INCLUDE_EXEC_TIME' since the value of 'UNITY_TIME_TYPE' is unknown. Use -D if you want to check it. You can use -U to skip it explicitly. [ConfigurationNotChecked]
    UNITY_TIME_TYPE CurrentTestStopTime;
^
3_Implementation/unity/unity_internals.h:471:0: information: Skipping configuration 'UNITY_EXEC_TIME_START;UNITY_EXEC_TIME_STOP;UNITY_PRINT_EXEC_TIME;UNITY_TIME_TYPE;UNITY_INCLUDE_EXEC_TIME;_WIN32' since the value of 'UNITY_TIME_TYPE' is unknown. Use -D if you want to check it. You can use -U to skip it explicitly. [ConfigurationNotChecked]
    UNITY_TIME_TYPE CurrentTestStartTime;
^
3_Implementation/unity/unity_internals.h:472:0: information: Skipping configuration 'UNITY_EXEC_TIME_START;UNITY_EXEC_TIME_STOP;UNITY_PRINT_EXEC_TIME;UNITY_TIME_TYPE;UNITY_INCLUDE_EXEC_TIME;_WIN32' since the value of 'UNITY_TIME_TYPE' is unknown. Use -D if you want to check it. You can use -U to skip it explicitly. [ConfigurationNotChecked]
    UNITY_TIME_TYPE CurrentTestStopTime;
^
3_Implementation/unity/unity_internals.h:471:0: information: Skipping configuration 'UNITY_EXEC_TIME_START;UNITY_EXEC_TIME_STOP;UNITY_PRINT_EXEC_TIME;UNITY_TIME_TYPE;UNITY_INCLUDE_EXEC_TIME;__unix__' since the value of 'UNITY_TIME_TYPE' is unknown. Use -D if you want to check it. You can use -U to skip it explicitly. [ConfigurationNotChecked]
    UNITY_TIME_TYPE CurrentTestStartTime;
^
3_Implementation/unity/unity_internals.h:472:0: information: Skipping configuration 'UNITY_EXEC_TIME_START;UNITY_EXEC_TIME_STOP;UNITY_PRINT_EXEC_TIME;UNITY_TIME_TYPE;UNITY_INCLUDE_EXEC_TIME;__unix__' since the value of 'UNITY_TIME_TYPE' is unknown. Use -D if you want to check it. You can use -U to skip it explicitly. [ConfigurationNotChecked]
    UNITY_TIME_TYPE CurrentTestStopTime;
^
3_Implementation/unity/unity.c:0:0: information: Too many #ifdef configurations - cppcheck only checks 12 of 42 configurations. Use --force to check all configurations. [toomanyconfigs]

^
3_Implementation/unity/unity.c:277:9: style: The scope of the variable 'nibble' can be reduced. [variableScope]
    int nibble;
        ^
3_Implementation/unity/unity.c:1350:18: style: The scope of the variable 'i' can be reduced. [variableScope]
    UNITY_UINT32 i;
                 ^
3_Implementation/unity/unity.c:1390:18: style: The scope of the variable 'i' can be reduced. [variableScope]
    UNITY_UINT32 i;
                 ^
3_Implementation/unity/unity.c:1514:18: style: The scope of the variable 'bytes' can be reduced. [variableScope]
    UNITY_UINT32 bytes;
                 ^
3_Implementation/unity/unity.c:1758:28: style:inconclusive: Function 'UnityFail' argument 1 names different: declaration 'message' definition 'msg'. [funcArgNamesDifferent]
void UnityFail(const char* msg, const UNITY_LINE_TYPE line)
                           ^
3_Implementation/unity/unity_internals.h:621:28: note: Function 'UnityFail' argument 1 names different: declaration 'message' definition 'msg'.
void UnityFail(const char* message, const UNITY_LINE_TYPE line) UNITY_FUNCTION_ATTR(noreturn);
                           ^
3_Implementation/unity/unity.c:1758:28: note: Function 'UnityFail' argument 1 names different: declaration 'message' definition 'msg'.
void UnityFail(const char* msg, const UNITY_LINE_TYPE line)
                           ^
3_Implementation/unity/unity.c:1795:30: style:inconclusive: Function 'UnityIgnore' argument 1 names different: declaration 'message' definition 'msg'. [funcArgNamesDifferent]
void UnityIgnore(const char* msg, const UNITY_LINE_TYPE line)
                             ^
3_Implementation/unity/unity_internals.h:622:30: note: Function 'UnityIgnore' argument 1 names different: declaration 'message' definition 'msg'.
void UnityIgnore(const char* message, const UNITY_LINE_TYPE line) UNITY_FUNCTION_ATTR(noreturn);
                             ^
3_Implementation/unity/unity.c:1795:30: note: Function 'UnityIgnore' argument 1 names different: declaration 'message' definition 'msg'.
void UnityIgnore(const char* msg, const UNITY_LINE_TYPE line)
                             ^
3_Implementation/unity/unity.c:1811:31: style:inconclusive: Function 'UnityMessage' argument 1 names different: declaration 'message' definition 'msg'. [funcArgNamesDifferent]
void UnityMessage(const char* msg, const UNITY_LINE_TYPE line)
                              ^
3_Implementation/unity/unity_internals.h:628:31: note: Function 'UnityMessage' argument 1 names different: declaration 'message' definition 'msg'.
void UnityMessage(const char* message, const UNITY_LINE_TYPE line);
                              ^
3_Implementation/unity/unity.c:1811:31: note: Function 'UnityMessage' argument 1 names different: declaration 'message' definition 'msg'.
void UnityMessage(const char* msg, const UNITY_LINE_TYPE line)
                              ^
3_Implementation/unity/unity.c:1431:20: style: Variable 'i' is assigned a value that is never used. [unreadVariable]
    UNITY_UINT32 i = 0;
                   ^
3_Implementation/unity/unity.c:1833:0: information: Skipping configuration 'UNITY_CLOCK_MS;UNITY_EXEC_TIME_START;UNITY_EXEC_TIME_STOP;UNITY_PRINT_EXEC_TIME;UNITY_TIME_TYPE;UNITY_INCLUDE_EXEC_TIME' since the value of 'UNITY_EXEC_TIME_START' is unknown. Use -D if you want to check it. You can use -U to skip it explicitly. [ConfigurationNotChecked]
    UNITY_EXEC_TIME_START();
^
3_Implementation/unity/unity.c:1843:0: information: Skipping configuration 'UNITY_CLOCK_MS;UNITY_EXEC_TIME_START;UNITY_EXEC_TIME_STOP;UNITY_PRINT_EXEC_TIME;UNITY_TIME_TYPE;UNITY_INCLUDE_EXEC_TIME' since the value of 'UNITY_EXEC_TIME_STOP' is unknown. Use -D if you want to check it. You can use -U to skip it explicitly. [ConfigurationNotChecked]
    UNITY_EXEC_TIME_STOP();
^
3_Implementation/unity/unity.c:559:0: information: Skipping configuration 'UNITY_CLOCK_MS;UNITY_EXEC_TIME_START;UNITY_EXEC_TIME_STOP;UNITY_PRINT_EXEC_TIME;UNITY_TIME_TYPE;UNITY_INCLUDE_EXEC_TIME' since the value of 'UNITY_PRINT_EXEC_TIME' is unknown. Use -D if you want to check it. You can use -U to skip it explicitly. [ConfigurationNotChecked]
    UNITY_PRINT_EXEC_TIME();
^
3_Implementation/unity/unity.c:1758:28: style:inconclusive: Function 'UnityFail' argument 1 names different: declaration 'message' definition 'msg'. [funcArgNamesDifferent]
void UnityFail(const char* msg, const UNITY_LINE_TYPE line)
                           ^
3_Implementation/unity/unity_internals.h:624:28: note: Function 'UnityFail' argument 1 names different: declaration 'message' definition 'msg'.
void UnityFail(const char* message, const UNITY_LINE_TYPE line);
                           ^
3_Implementation/unity/unity.c:1758:28: note: Function 'UnityFail' argument 1 names different: declaration 'message' definition 'msg'.
void UnityFail(const char* msg, const UNITY_LINE_TYPE line)
                           ^
3_Implementation/unity/unity.c:1795:30: style:inconclusive: Function 'UnityIgnore' argument 1 names different: declaration 'message' definition 'msg'. [funcArgNamesDifferent]
void UnityIgnore(const char* msg, const UNITY_LINE_TYPE line)
                             ^
3_Implementation/unity/unity_internals.h:625:30: note: Function 'UnityIgnore' argument 1 names different: declaration 'message' definition 'msg'.
void UnityIgnore(const char* message, const UNITY_LINE_TYPE line);
                             ^
3_Implementation/unity/unity.c:1795:30: note: Function 'UnityIgnore' argument 1 names different: declaration 'message' definition 'msg'.
void UnityIgnore(const char* msg, const UNITY_LINE_TYPE line)
                             ^
3_Implementation/unity/unity.c:1833:0: information: Skipping configuration 'UNITY_EXEC_TIME_START;UNITY_EXEC_TIME_STOP;UNITY_PRINT_EXEC_TIME;UNITY_TIME_TYPE;UNITY_INCLUDE_EXEC_TIME' since the value of 'UNITY_EXEC_TIME_START' is unknown. Use -D if you want to check it. You can use -U to skip it explicitly. [ConfigurationNotChecked]
    UNITY_EXEC_TIME_START();
^
3_Implementation/unity/unity.c:1843:0: information: Skipping configuration 'UNITY_EXEC_TIME_START;UNITY_EXEC_TIME_STOP;UNITY_PRINT_EXEC_TIME;UNITY_TIME_TYPE;UNITY_INCLUDE_EXEC_TIME' since the value of 'UNITY_EXEC_TIME_STOP' is unknown. Use -D if you want to check it. You can use -U to skip it explicitly. [ConfigurationNotChecked]
    UNITY_EXEC_TIME_STOP();
^
3_Implementation/unity/unity.c:559:0: information: Skipping configuration 'UNITY_EXEC_TIME_START;UNITY_EXEC_TIME_STOP;UNITY_PRINT_EXEC_TIME;UNITY_TIME_TYPE;UNITY_INCLUDE_EXEC_TIME' since the value of 'UNITY_PRINT_EXEC_TIME' is unknown. Use -D if you want to check it. You can use -U to skip it explicitly. [ConfigurationNotChecked]
    UNITY_PRINT_EXEC_TIME();
^
3_Implementation/unity/unity.c:686:0: style: The function 'UnityAssertBits' is never used. [unusedFunction]

^
3_Implementation/unity/unity.c:905:0: style: The function 'UnityAssertEqualFloatArray' is never used. [unusedFunction]

^
3_Implementation/unity/unity.c:775:0: style: The function 'UnityAssertEqualIntArray' is never used. [unusedFunction]

^
3_Implementation/unity/unity.c:1503:0: style: The function 'UnityAssertEqualMemory' is never used. [unusedFunction]

^
3_Implementation/unity/unity.c:1345:0: style: The function 'UnityAssertEqualString' is never used. [unusedFunction]

^
3_Implementation/unity/unity.c:1424:0: style: The function 'UnityAssertEqualStringArray' is never used. [unusedFunction]

^
3_Implementation/unity/unity.c:1384:0: style: The function 'UnityAssertEqualStringLen' is never used. [unusedFunction]

^
3_Implementation/unity/unity.c:972:0: style: The function 'UnityAssertFloatSpecial' is never used. [unusedFunction]

^
3_Implementation/unity/unity.c:953:0: style: The function 'UnityAssertFloatsWithin' is never used. [unusedFunction]

^
3_Implementation/unity/unity.c:728:0: style: The function 'UnityAssertGreaterOrLessOrEqualNumber' is never used. [unusedFunction]

^
3_Implementation/unity/unity.c:1225:0: style: The function 'UnityAssertNumbersArrayWithin' is never used. [unusedFunction]

^
3_Implementation/unity/unity.c:1178:0: style: The function 'UnityAssertNumbersWithin' is never used. [unusedFunction]

^
3_Implementation/unity/unity.c:1758:0: style: The function 'UnityFail' is never used. [unusedFunction]

^
3_Implementation/unity/unity.c:1610:0: style: The function 'UnityFloatToPtr' is never used. [unusedFunction]

^
3_Implementation/unity/unity.c:1795:0: style: The function 'UnityIgnore' is never used. [unusedFunction]

^
3_Implementation/unity/unity.c:1811:0: style: The function 'UnityMessage' is never used. [unusedFunction]

^
3_Implementation/unity/unity.c:1584:0: style: The function 'UnityNumToPtr' is never used. [unusedFunction]

^
3_Implementation/unity/unity.c:1849:0: style: The function 'UnitySetTestFile' is never used. [unusedFunction]

^
3_Implementation/test/test.c:38:0: style: The function 'test_main' is never used. [unusedFunction]

^
nofile:0:0: information: Cppcheck cannot find all the include files (use --check-config for details) [missingInclude]

